  [1m[36m (3.6ms)[0m  [1mCREATE TABLE "schema_migrations" ("version" varchar NOT NULL) [0m
  [1m[35m (0.5ms)[0m  select sqlite_version(*)
  [1m[36m (2.0ms)[0m  [1mCREATE UNIQUE INDEX "unique_schema_migrations" ON "schema_migrations" ("version")[0m
  [1m[35mActiveRecord::SchemaMigration Load (0.2ms)[0m  SELECT "schema_migrations".* FROM "schema_migrations"
Migrating to CreateCars (20180604031256)
  [1m[36m (0.1ms)[0m  [1mbegin transaction[0m
  [1m[35m (0.7ms)[0m  CREATE TABLE "cars" ("id" INTEGER PRIMARY KEY AUTOINCREMENT NOT NULL, "make" varchar, "modle" varchar, "year" integer, "created_at" datetime NOT NULL, "updated_at" datetime NOT NULL) 
  [1m[36mSQL (0.4ms)[0m  [1mINSERT INTO "schema_migrations" ("version") VALUES (?)[0m  [["version", "20180604031256"]]
  [1m[35m (1.8ms)[0m  commit transaction
  [1m[36mActiveRecord::SchemaMigration Load (0.1ms)[0m  [1mSELECT "schema_migrations".* FROM "schema_migrations"[0m


Started GET "/" for ::1 at 2018-06-03 20:18:42 -0700
  [1m[36mActiveRecord::SchemaMigration Load (0.1ms)[0m  [1mSELECT "schema_migrations".* FROM "schema_migrations"[0m
Processing by Rails::WelcomeController#index as HTML
  Rendered /Users/scottwyngarden/.rbenv/versions/2.2.3/lib/ruby/gems/2.2.0/gems/railties-4.2.8/lib/rails/templates/rails/welcome/index.html.erb (4.2ms)
Completed 200 OK in 36ms (Views: 21.8ms | ActiveRecord: 0.0ms)


Started GET "/cars" for ::1 at 2018-06-03 20:18:46 -0700
Processing by CarsController#index as HTML
  [1m[35mCar Load (0.2ms)[0m  SELECT "cars".* FROM "cars"
  Rendered cars/index.html.erb within layouts/application (2.3ms)
Completed 200 OK in 1108ms (Views: 1091.8ms | ActiveRecord: 0.3ms)


Started GET "/assets/cars.self-e3b0c44298fc1c149afbf4c8996fb92427ae41e4649b934ca495991b7852b855.css?body=1" for ::1 at 2018-06-03 20:18:47 -0700


Started GET "/assets/scaffolds.self-32e32b4535c7b572af8cd043df64c8f0e2eaed1f0980d6963ac424913c558b55.css?body=1" for ::1 at 2018-06-03 20:18:47 -0700


Started GET "/assets/cars.self-877aef30ae1b040ab8a3aba4e3e309a11d7f2612f44dde450b5c157aa5f95c05.js?body=1" for ::1 at 2018-06-03 20:18:47 -0700


Started GET "/cars/new" for ::1 at 2018-06-03 20:18:49 -0700
Processing by CarsController#new as HTML
  Rendered cars/_form.html.erb (35.2ms)
  Rendered cars/new.html.erb within layouts/application (53.8ms)
Completed 200 OK in 135ms (Views: 116.2ms | ActiveRecord: 0.8ms)
  [1m[36mActiveRecord::SchemaMigration Load (0.1ms)[0m  [1mSELECT "schema_migrations".* FROM "schema_migrations"[0m
Migrating to ChangeColumnName (20180604032012)
  [1m[35m (0.1ms)[0m  begin transaction
  [1m[36m (0.4ms)[0m  [1mCREATE TEMPORARY TABLE "acars" ("id" INTEGER PRIMARY KEY AUTOINCREMENT NOT NULL, "make" varchar, "model" varchar, "year" integer, "created_at" datetime NOT NULL, "updated_at" datetime NOT NULL) [0m
  [1m[35m (0.1ms)[0m  SELECT * FROM "cars"
  [1m[36m (0.4ms)[0m  [1mDROP TABLE "cars"[0m
  [1m[35m (0.1ms)[0m  CREATE TABLE "cars" ("id" INTEGER PRIMARY KEY AUTOINCREMENT NOT NULL, "make" varchar, "model" varchar, "year" integer, "created_at" datetime NOT NULL, "updated_at" datetime NOT NULL) 
  [1m[36m (0.0ms)[0m  [1mSELECT * FROM "acars"[0m
  [1m[35m (0.1ms)[0m  DROP TABLE "acars"
  [1m[36mSQL (0.2ms)[0m  [1mINSERT INTO "schema_migrations" ("version") VALUES (?)[0m  [["version", "20180604032012"]]
  [1m[35m (8.5ms)[0m  commit transaction
  [1m[36mActiveRecord::SchemaMigration Load (0.1ms)[0m  [1mSELECT "schema_migrations".* FROM "schema_migrations"[0m


Started GET "/cars/new" for ::1 at 2018-06-03 20:23:32 -0700
  [1m[36mActiveRecord::SchemaMigration Load (0.2ms)[0m  [1mSELECT "schema_migrations".* FROM "schema_migrations"[0m
Processing by CarsController#new as HTML
  Rendered cars/_form.html.erb (26.9ms)
  Rendered cars/new.html.erb within layouts/application (33.7ms)
Completed 200 OK in 287ms (Views: 268.0ms | ActiveRecord: 0.4ms)


Started POST "/cars" for ::1 at 2018-06-03 20:23:41 -0700
Processing by CarsController#create as HTML
  Parameters: {"utf8"=>"✓", "authenticity_token"=>"YDU/6DlLNSWHLy0ynjIijiIn6PTiawZPzk1x8PjV0wrQPN/IWdDD1OXalm5fa1ofRhhPcm5nOghEzRvL3LuaVA==", "car"=>{"make"=>"Toyota", "model"=>"Prius", "year"=>"2013"}, "commit"=>"Create Car"}
  [1m[35m (0.1ms)[0m  begin transaction
  [1m[36mSQL (0.7ms)[0m  [1mINSERT INTO "cars" ("make", "model", "year", "created_at", "updated_at") VALUES (?, ?, ?, ?, ?)[0m  [["make", "Toyota"], ["model", "Prius"], ["year", 2013], ["created_at", "2018-06-04 03:23:41.657620"], ["updated_at", "2018-06-04 03:23:41.657620"]]
  [1m[35m (1.2ms)[0m  commit transaction
Redirected to http://localhost:3000/cars/1
Completed 302 Found in 6ms (ActiveRecord: 2.0ms)


Started GET "/cars/1" for ::1 at 2018-06-03 20:23:41 -0700
Processing by CarsController#show as HTML
  Parameters: {"id"=>"1"}
  [1m[36mCar Load (0.3ms)[0m  [1mSELECT  "cars".* FROM "cars" WHERE "cars"."id" = ? LIMIT 1[0m  [["id", 1]]
  Rendered cars/show.html.erb within layouts/application (8.0ms)
Completed 500 Internal Server Error in 28ms (ActiveRecord: 0.3ms)

ActionView::Template::Error (undefined method `modle' for #<Car:0x007fe9d9811c38>):
     7: 
     8: <p>
     9:   <strong>Modle:</strong>
    10:   <%= @car.modle %>
    11: </p>
    12: 
    13: <p>
  app/views/cars/show.html.erb:10:in `_app_views_cars_show_html_erb__4304690782350120510_70321183577980'


  Rendered /Users/scottwyngarden/.rbenv/versions/2.2.3/lib/ruby/gems/2.2.0/gems/actionpack-4.2.8/lib/action_dispatch/middleware/templates/rescues/_source.erb (34.6ms)
  Rendered /Users/scottwyngarden/.rbenv/versions/2.2.3/lib/ruby/gems/2.2.0/gems/actionpack-4.2.8/lib/action_dispatch/middleware/templates/rescues/_trace.html.erb (3.6ms)
  Rendered /Users/scottwyngarden/.rbenv/versions/2.2.3/lib/ruby/gems/2.2.0/gems/actionpack-4.2.8/lib/action_dispatch/middleware/templates/rescues/_request_and_response.html.erb (1.4ms)
  Rendered /Users/scottwyngarden/.rbenv/versions/2.2.3/lib/ruby/gems/2.2.0/gems/actionpack-4.2.8/lib/action_dispatch/middleware/templates/rescues/template_error.html.erb within rescues/layout (170.6ms)
  Rendered /Users/scottwyngarden/.rbenv/versions/2.2.3/lib/ruby/gems/2.2.0/gems/web-console-2.3.0/lib/web_console/templates/_markup.html.erb (0.7ms)
  Rendered /Users/scottwyngarden/.rbenv/versions/2.2.3/lib/ruby/gems/2.2.0/gems/web-console-2.3.0/lib/web_console/templates/_inner_console_markup.html.erb within layouts/inlined_string (0.6ms)
  Rendered /Users/scottwyngarden/.rbenv/versions/2.2.3/lib/ruby/gems/2.2.0/gems/web-console-2.3.0/lib/web_console/templates/_prompt_box_markup.html.erb within layouts/inlined_string (0.5ms)
  Rendered /Users/scottwyngarden/.rbenv/versions/2.2.3/lib/ruby/gems/2.2.0/gems/web-console-2.3.0/lib/web_console/templates/style.css.erb within layouts/inlined_string (0.3ms)
  Rendered /Users/scottwyngarden/.rbenv/versions/2.2.3/lib/ruby/gems/2.2.0/gems/web-console-2.3.0/lib/web_console/templates/console.js.erb within layouts/javascript (125.9ms)
  Rendered /Users/scottwyngarden/.rbenv/versions/2.2.3/lib/ruby/gems/2.2.0/gems/web-console-2.3.0/lib/web_console/templates/main.js.erb within layouts/javascript (0.4ms)
  Rendered /Users/scottwyngarden/.rbenv/versions/2.2.3/lib/ruby/gems/2.2.0/gems/web-console-2.3.0/lib/web_console/templates/error_page.js.erb within layouts/javascript (0.5ms)
  Rendered /Users/scottwyngarden/.rbenv/versions/2.2.3/lib/ruby/gems/2.2.0/gems/web-console-2.3.0/lib/web_console/templates/index.html.erb (294.1ms)


Started GET "/cars/1" for ::1 at 2018-06-03 20:25:04 -0700
Processing by CarsController#show as HTML
  Parameters: {"id"=>"1"}
  [1m[35mCar Load (0.1ms)[0m  SELECT  "cars".* FROM "cars" WHERE "cars"."id" = ? LIMIT 1  [["id", 1]]
  Rendered cars/show.html.erb within layouts/application (1.7ms)
Completed 200 OK in 28ms (Views: 26.6ms | ActiveRecord: 0.1ms)


Started GET "/cars" for ::1 at 2018-06-03 20:25:08 -0700
Processing by CarsController#index as HTML
  [1m[36mCar Load (0.2ms)[0m  [1mSELECT "cars".* FROM "cars"[0m
  Rendered cars/index.html.erb within layouts/application (2.7ms)
Completed 200 OK in 48ms (Views: 47.1ms | ActiveRecord: 0.2ms)


Started GET "/cars.json" for ::1 at 2018-06-03 20:33:02 -0700
Processing by CarsController#index as JSON
  [1m[35mCar Load (0.2ms)[0m  SELECT "cars".* FROM "cars"
  Rendered cars/_car.json.jbuilder (1.2ms)
  Rendered cars/index.json.jbuilder (10.8ms)
Completed 200 OK in 24ms (Views: 23.1ms | ActiveRecord: 0.2ms)


Started GET "/cars" for ::1 at 2018-06-03 20:33:06 -0700
Processing by CarsController#index as HTML
  [1m[36mCar Load (0.2ms)[0m  [1mSELECT "cars".* FROM "cars"[0m
  Rendered cars/index.html.erb within layouts/application (1.5ms)
Completed 200 OK in 26ms (Views: 25.4ms | ActiveRecord: 0.2ms)
  [1m[36mActiveRecord::SchemaMigration Load (0.7ms)[0m  [1mSELECT "schema_migrations".* FROM "schema_migrations"[0m
Migrating to AddPriceToCars (20180604041753)
  [1m[35m (0.1ms)[0m  begin transaction
  [1m[36m (1.1ms)[0m  [1mALTER TABLE "cars" ADD "price" decimal(10,2)[0m
  [1m[35mSQL (0.7ms)[0m  INSERT INTO "schema_migrations" ("version") VALUES (?)  [["version", "20180604041753"]]
  [1m[36m (1.4ms)[0m  [1mcommit transaction[0m
  [1m[35mActiveRecord::SchemaMigration Load (0.1ms)[0m  SELECT "schema_migrations".* FROM "schema_migrations"


Started GET "/cars" for ::1 at 2018-06-03 21:27:45 -0700
  [1m[36mActiveRecord::SchemaMigration Load (0.6ms)[0m  [1mSELECT "schema_migrations".* FROM "schema_migrations"[0m
Processing by CarsController#index as HTML
  [1m[35mCar Load (0.6ms)[0m  SELECT "cars".* FROM "cars"
  Rendered cars/index.html.erb within layouts/application (9.8ms)
Completed 200 OK in 305ms (Views: 285.6ms | ActiveRecord: 1.0ms)


Started GET "/cars/1/edit" for ::1 at 2018-06-03 21:27:49 -0700
Processing by CarsController#edit as HTML
  Parameters: {"id"=>"1"}
  [1m[36mCar Load (0.3ms)[0m  [1mSELECT  "cars".* FROM "cars" WHERE "cars"."id" = ? LIMIT 1[0m  [["id", 1]]
  Rendered cars/_form.html.erb (27.3ms)
  Rendered cars/edit.html.erb within layouts/application (33.3ms)
Completed 200 OK in 81ms (Views: 63.5ms | ActiveRecord: 0.3ms)


Started PATCH "/cars/1" for ::1 at 2018-06-03 21:27:53 -0700
Processing by CarsController#update as HTML
  Parameters: {"utf8"=>"✓", "authenticity_token"=>"O5nzu+qt82TMmSvqNeeX9xYZ3rpzfQja0rZYnFwwqtWLkBObijYFla5skLb0vu9mciZ5PP9xNJ1YNjKneF7jiw==", "car"=>{"make"=>"Toyota", "model"=>"Prius", "year"=>"2013", "price"=>"5000"}, "commit"=>"Update Car", "id"=>"1"}
  [1m[35mCar Load (0.1ms)[0m  SELECT  "cars".* FROM "cars" WHERE "cars"."id" = ? LIMIT 1  [["id", 1]]
  [1m[36m (0.1ms)[0m  [1mbegin transaction[0m
  [1m[35mSQL (0.7ms)[0m  UPDATE "cars" SET "price" = ?, "updated_at" = ? WHERE "cars"."id" = ?  [["price", 5000.0], ["updated_at", "2018-06-04 04:27:53.901888"], ["id", 1]]
  [1m[36m (2.5ms)[0m  [1mcommit transaction[0m
Redirected to http://localhost:3000/cars/1
Completed 302 Found in 9ms (ActiveRecord: 3.4ms)


Started GET "/cars/1" for ::1 at 2018-06-03 21:27:53 -0700
Processing by CarsController#show as HTML
  Parameters: {"id"=>"1"}
  [1m[35mCar Load (0.2ms)[0m  SELECT  "cars".* FROM "cars" WHERE "cars"."id" = ? LIMIT 1  [["id", 1]]
  Rendered cars/show.html.erb within layouts/application (1.1ms)
Completed 200 OK in 28ms (Views: 26.7ms | ActiveRecord: 0.2ms)


Started GET "/cars/1/edit" for ::1 at 2018-06-03 21:27:55 -0700
Processing by CarsController#edit as HTML
  Parameters: {"id"=>"1"}
  [1m[36mCar Load (0.2ms)[0m  [1mSELECT  "cars".* FROM "cars" WHERE "cars"."id" = ? LIMIT 1[0m  [["id", 1]]
  Rendered cars/_form.html.erb (9.3ms)
  Rendered cars/edit.html.erb within layouts/application (16.7ms)
Completed 200 OK in 51ms (Views: 47.9ms | ActiveRecord: 0.2ms)


Started GET "/cars" for ::1 at 2018-06-03 21:28:25 -0700
Processing by CarsController#index as HTML
  [1m[35mCar Load (0.3ms)[0m  SELECT "cars".* FROM "cars"
  Rendered cars/index.html.erb within layouts/application (2.3ms)
Completed 200 OK in 39ms (Views: 38.6ms | ActiveRecord: 0.3ms)


Started GET "/cars/new" for ::1 at 2018-06-03 21:28:28 -0700
Processing by CarsController#new as HTML
  Rendered cars/_form.html.erb (5.2ms)
  Rendered cars/new.html.erb within layouts/application (9.8ms)
Completed 200 OK in 43ms (Views: 42.1ms | ActiveRecord: 0.0ms)


Started GET "/cars/new" for ::1 at 2018-06-03 21:30:25 -0700
Processing by CarsController#new as HTML
  Rendered cars/_form.html.erb (3.9ms)
  Rendered cars/new.html.erb within layouts/application (8.9ms)
Completed 200 OK in 46ms (Views: 44.7ms | ActiveRecord: 0.0ms)


Started POST "/cars" for ::1 at 2018-06-03 21:30:33 -0700
Processing by CarsController#create as HTML
  Parameters: {"utf8"=>"✓", "authenticity_token"=>"ObB2f+1ynGGJ11Npl90uL4Y2Crm7SqApfe4YAbnwEzmJuZZfjelqkOsi6DVWhFa+4gmtPzdGnG73bnI6nZ5aZw==", "car"=>{"make"=>"bob", "model"=>"jones", "year"=>"1292", "price"=>"12.12"}, "commit"=>"Create Car"}
  [1m[36m (0.1ms)[0m  [1mbegin transaction[0m
  [1m[35mSQL (0.9ms)[0m  INSERT INTO "cars" ("make", "model", "year", "price", "created_at", "updated_at") VALUES (?, ?, ?, ?, ?, ?)  [["make", "bob"], ["model", "jones"], ["year", 1292], ["price", 12.12], ["created_at", "2018-06-04 04:30:33.764373"], ["updated_at", "2018-06-04 04:30:33.764373"]]
  [1m[36m (1.8ms)[0m  [1mcommit transaction[0m
Redirected to http://localhost:3000/cars/2
Completed 302 Found in 7ms (ActiveRecord: 2.8ms)


Started GET "/cars/2" for ::1 at 2018-06-03 21:30:33 -0700
Processing by CarsController#show as HTML
  Parameters: {"id"=>"2"}
  [1m[35mCar Load (0.2ms)[0m  SELECT  "cars".* FROM "cars" WHERE "cars"."id" = ? LIMIT 1  [["id", 2]]
  Rendered cars/show.html.erb within layouts/application (0.5ms)
Completed 200 OK in 25ms (Views: 23.9ms | ActiveRecord: 0.2ms)
